This is pdfTeX, Version 3.14159265-2.6-1.40.16 (MiKTeX 2.9) (preloaded format=pdflatex 2015.10.1)  8 OCT 2015 01:07
entering extended mode
**D:/Documents/ML/hw1/hw1.tex
(D:/Documents/ML/hw1/hw1.tex
LaTeX2e <2015/01/01> patch level 2
Babel <3.9m> and hyphenation patterns for 69 languages loaded.
("D:\General Utilities\MikTex\Install Site\tex\latex\base\article.cls"
Document Class: article 2014/09/29 v1.4h Standard LaTeX document class
("D:\General Utilities\MikTex\Install Site\tex\latex\base\size10.clo"
File: size10.clo 2014/09/29 v1.4h Standard LaTeX file (size option)
)
\c@part=\count79
\c@section=\count80
\c@subsection=\count81
\c@subsubsection=\count82
\c@paragraph=\count83
\c@subparagraph=\count84
\c@figure=\count85
\c@table=\count86
\abovecaptionskip=\skip41
\belowcaptionskip=\skip42
\bibindent=\dimen102
)
\@input{hwdefs.aux}
(hwdefs.tex
\c@problemCtr=\count87
\c@HW=\count88

("D:\General Utilities\MikTex\Install Site\tex\latex\amscls\amsthm.sty"
Package: amsthm 2015/03/04 v2.20.2
\thm@style=\toks14
\thm@bodyfont=\toks15
\thm@headfont=\toks16
\thm@notefont=\toks17
\thm@headpunct=\toks18
\thm@preskip=\skip43
\thm@postskip=\skip44
\thm@headsep=\skip45
\dth@everypar=\toks19
)
("D:\General Utilities\MikTex\Install Site\tex\latex\graphics\graphicx.sty"
Package: graphicx 2014/10/28 v1.0g Enhanced LaTeX Graphics (DPC,SPQR)

("D:\General Utilities\MikTex\Install Site\tex\latex\graphics\keyval.sty"
Package: keyval 2014/10/28 v1.15 key=value parser (DPC)
\KV@toks@=\toks20
)
("D:\General Utilities\MikTex\Install Site\tex\latex\graphics\graphics.sty"
Package: graphics 2014/10/28 v1.0p Standard LaTeX Graphics (DPC,SPQR)

("D:\General Utilities\MikTex\Install Site\tex\latex\graphics\trig.sty"
Package: trig 1999/03/16 v1.09 sin cos tan (DPC)
)
("D:\General Utilities\MikTex\Install Site\tex\latex\00miktex\graphics.cfg"
File: graphics.cfg 2007/01/18 v1.5 graphics configuration of teTeX/TeXLive
)
Package graphics Info: Driver file: pdftex.def on input line 94.

("D:\General Utilities\MikTex\Install Site\tex\latex\pdftex-def\pdftex.def"
File: pdftex.def 2011/05/27 v0.06d Graphics/color for pdfTeX

("D:\General Utilities\MikTex\Install Site\tex\generic\oberdiek\infwarerr.sty"
Package: infwarerr 2010/04/08 v1.3 Providing info/warning/error messages (HO)
) ("D:\General Utilities\MikTex\Install Site\tex\generic\oberdiek\ltxcmds.sty"
Package: ltxcmds 2011/11/09 v1.22 LaTeX kernel commands for general use (HO)
)
\Gread@gobject=\count89
))
\Gin@req@height=\dimen103
\Gin@req@width=\dimen104
) ("D:\General Utilities\MikTex\Install Site\tex\latex\natbib\natbib.sty"
Package: natbib 2010/09/13 8.31b (PWD, AO)
\bibhang=\skip46
\bibsep=\skip47
LaTeX Info: Redefining \cite on input line 694.
\c@NAT@ctr=\count90
)
("D:\General Utilities\MikTex\Install Site\tex\latex\algorithms\algorithm.sty"
Package: algorithm 2009/08/24 v0.1 Document Style `algorithm' - floating enviro
nment

("D:\General Utilities\MikTex\Install Site\tex\latex\float\float.sty"
Package: float 2001/11/08 v1.3d Float enhancements (AL)
\c@float@type=\count91
\float@exts=\toks21
\float@box=\box26
\@float@everytoks=\toks22
\@floatcapt=\box27
)
("D:\General Utilities\MikTex\Install Site\tex\latex\base\ifthen.sty"
Package: ifthen 2014/09/29 v1.1c Standard LaTeX ifthen package (DPC)
)
\@float@every@algorithm=\toks23
\c@algorithm=\count92
)
("D:\General Utilities\MikTex\Install Site\tex\latex\algorithms\algorithmic.sty
"
Package: algorithmic 2009/08/24 v0.1 Document Style `algorithmic'
\c@ALC@unique=\count93
\c@ALC@line=\count94
\c@ALC@rem=\count95
\c@ALC@depth=\count96
\ALC@tlm=\skip48
\algorithmicindent=\skip49
) ("D:\General Utilities\MikTex\Install Site\tex\latex\amsmath\amsmath.sty"
Package: amsmath 2013/01/14 v2.14 AMS math features
\@mathmargin=\skip50

For additional information on amsmath, use the `?' option.
("D:\General Utilities\MikTex\Install Site\tex\latex\amsmath\amstext.sty"
Package: amstext 2000/06/29 v2.01

("D:\General Utilities\MikTex\Install Site\tex\latex\amsmath\amsgen.sty"
File: amsgen.sty 1999/11/30 v2.0
\@emptytoks=\toks24
\ex@=\dimen105
))
("D:\General Utilities\MikTex\Install Site\tex\latex\amsmath\amsbsy.sty"
Package: amsbsy 1999/11/29 v1.2d
\pmbraise@=\dimen106
)
("D:\General Utilities\MikTex\Install Site\tex\latex\amsmath\amsopn.sty"
Package: amsopn 1999/12/14 v2.01 operator names
)
\inf@bad=\count97
LaTeX Info: Redefining \frac on input line 210.
\uproot@=\count98
\leftroot@=\count99
LaTeX Info: Redefining \overline on input line 306.
\classnum@=\count100
\DOTSCASE@=\count101
LaTeX Info: Redefining \ldots on input line 378.
LaTeX Info: Redefining \dots on input line 381.
LaTeX Info: Redefining \cdots on input line 466.
\Mathstrutbox@=\box28
\strutbox@=\box29
\big@size=\dimen107
LaTeX Font Info:    Redeclaring font encoding OML on input line 566.
LaTeX Font Info:    Redeclaring font encoding OMS on input line 567.
\macc@depth=\count102
\c@MaxMatrixCols=\count103
\dotsspace@=\muskip10
\c@parentequation=\count104
\dspbrk@lvl=\count105
\tag@help=\toks25
\row@=\count106
\column@=\count107
\maxfields@=\count108
\andhelp@=\toks26
\eqnshift@=\dimen108
\alignsep@=\dimen109
\tagshift@=\dimen110
\tagwidth@=\dimen111
\totwidth@=\dimen112
\lineht@=\dimen113
\@envbody=\toks27
\multlinegap=\skip51
\multlinetaggap=\skip52
\mathdisplay@stack=\toks28
LaTeX Info: Redefining \[ on input line 2665.
LaTeX Info: Redefining \] on input line 2666.
)
("D:\General Utilities\MikTex\Install Site\tex\latex\hyperref\hyperref.sty"
Package: hyperref 2012/11/06 v6.83m Hypertext links for LaTeX

("D:\General Utilities\MikTex\Install Site\tex\generic\oberdiek\hobsub-hyperref
.sty"
Package: hobsub-hyperref 2012/04/25 v1.12 Bundle oberdiek, subset hyperref (HO)


("D:\General Utilities\MikTex\Install Site\tex\generic\oberdiek\hobsub-generic.
sty"
Package: hobsub-generic 2012/04/25 v1.12 Bundle oberdiek, subset generic (HO)
Package: hobsub 2012/04/25 v1.12 Construct package bundles (HO)
Package hobsub Info: Skipping package `infwarerr' (already loaded).
Package hobsub Info: Skipping package `ltxcmds' (already loaded).
Package: ifluatex 2010/03/01 v1.3 Provides the ifluatex switch (HO)
Package ifluatex Info: LuaTeX not detected.
Package: ifvtex 2010/03/01 v1.5 Detect VTeX and its facilities (HO)
Package ifvtex Info: VTeX not detected.
Package: intcalc 2007/09/27 v1.1 Expandable calculations with integers (HO)
Package: ifpdf 2011/01/30 v2.3 Provides the ifpdf switch (HO)
Package ifpdf Info: pdfTeX in PDF mode is detected.
Package: etexcmds 2011/02/16 v1.5 Avoid name clashes with e-TeX commands (HO)
Package etexcmds Info: Could not find \expanded.
(etexcmds)             That can mean that you are not using pdfTeX 1.50 or
(etexcmds)             that some package has redefined \expanded.
(etexcmds)             In the latter case, load this package earlier.
Package: kvsetkeys 2012/04/25 v1.16 Key value parser (HO)
Package: kvdefinekeys 2011/04/07 v1.3 Define keys (HO)
Package: pdftexcmds 2011/11/29 v0.20 Utility functions of pdfTeX for LuaTeX (HO
)
Package pdftexcmds Info: LuaTeX not detected.
Package pdftexcmds Info: \pdf@primitive is available.
Package pdftexcmds Info: \pdf@ifprimitive is available.
Package pdftexcmds Info: \pdfdraftmode found.
Package: pdfescape 2011/11/25 v1.13 Implements pdfTeX's escape features (HO)
Package: bigintcalc 2012/04/08 v1.3 Expandable calculations on big integers (HO
)
Package: bitset 2011/01/30 v1.1 Handle bit-vector datatype (HO)
Package: uniquecounter 2011/01/30 v1.2 Provide unlimited unique counter (HO)
)
Package hobsub Info: Skipping package `hobsub' (already loaded).
Package: letltxmacro 2010/09/02 v1.4 Let assignment for LaTeX macros (HO)
Package: hopatch 2011/06/24 v1.1 Wrapper for package hooks (HO)
Package: xcolor-patch 2011/01/30 xcolor patch
Package: atveryend 2011/06/30 v1.8 Hooks at the very end of document (HO)
Package atveryend Info: \enddocument detected (standard20110627).
Package: atbegshi 2011/10/05 v1.16 At begin shipout hook (HO)
Package: refcount 2011/10/16 v3.4 Data extraction from label references (HO)
Package: hycolor 2011/01/30 v1.7 Color options for hyperref/bookmark (HO)
)
("D:\General Utilities\MikTex\Install Site\tex\generic\ifxetex\ifxetex.sty"
Package: ifxetex 2010/09/12 v0.6 Provides ifxetex conditional
)
("D:\General Utilities\MikTex\Install Site\tex\latex\oberdiek\auxhook.sty"
Package: auxhook 2011/03/04 v1.3 Hooks for auxiliary files (HO)
)
("D:\General Utilities\MikTex\Install Site\tex\latex\oberdiek\kvoptions.sty"
Package: kvoptions 2011/06/30 v3.11 Key value format for package options (HO)
)
\@linkdim=\dimen114
\Hy@linkcounter=\count109
\Hy@pagecounter=\count110

("D:\General Utilities\MikTex\Install Site\tex\latex\hyperref\pd1enc.def"
File: pd1enc.def 2012/11/06 v6.83m Hyperref: PDFDocEncoding definition (HO)
)
\Hy@SavedSpaceFactor=\count111

("D:\General Utilities\MikTex\Install Site\tex\latex\00miktex\hyperref.cfg"
File: hyperref.cfg 2002/06/06 v1.2 hyperref configuration of TeXLive
)
Package hyperref Info: Hyper figures OFF on input line 4443.
Package hyperref Info: Link nesting OFF on input line 4448.
Package hyperref Info: Hyper index ON on input line 4451.
Package hyperref Info: Plain pages OFF on input line 4458.
Package hyperref Info: Backreferencing OFF on input line 4463.
Package hyperref Info: Implicit mode ON; LaTeX internals redefined.
Package hyperref Info: Bookmarks ON on input line 4688.
\c@Hy@tempcnt=\count112

("D:\General Utilities\MikTex\Install Site\tex\latex\url\url.sty"
\Urlmuskip=\muskip11
Package: url 2013/09/16  ver 3.4  Verb mode for urls, etc.
)
LaTeX Info: Redefining \url on input line 5041.
\XeTeXLinkMargin=\dimen115
\Fld@menulength=\count113
\Field@Width=\dimen116
\Fld@charsize=\dimen117
Package hyperref Info: Hyper figures OFF on input line 6295.
Package hyperref Info: Link nesting OFF on input line 6300.
Package hyperref Info: Hyper index ON on input line 6303.
Package hyperref Info: backreferencing OFF on input line 6310.
Package hyperref Info: Link coloring OFF on input line 6315.
Package hyperref Info: Link coloring with OCG OFF on input line 6320.
Package hyperref Info: PDF/A mode OFF on input line 6325.
LaTeX Info: Redefining \ref on input line 6365.
LaTeX Info: Redefining \pageref on input line 6369.
\Hy@abspage=\count114
\c@Item=\count115
\c@Hfootnote=\count116
)

Package hyperref Message: Driver (autodetected): hpdftex.

("D:\General Utilities\MikTex\Install Site\tex\latex\hyperref\hpdftex.def"
File: hpdftex.def 2012/11/06 v6.83m Hyperref driver for pdfTeX
\Fld@listcount=\count117
\c@bookmark@seq@number=\count118

("D:\General Utilities\MikTex\Install Site\tex\latex\oberdiek\rerunfilecheck.st
y"
Package: rerunfilecheck 2011/04/15 v1.7 Rerun checks for auxiliary files (HO)
Package uniquecounter Info: New unique counter `rerunfilecheck' on input line 2
82.
)
\Hy@SectionHShift=\skip53
)
\c@remark=\count119
\c@lemma=\count120
\c@definition=\count121
\c@proposition=\count122
\c@assumption=\count123
\c@corollary=\count124
\c@theorem=\count125
) (slashbox.sty
slashbox style by K.Yasuoka, May 1993.
\@slashboxa=\box30
\@slashboxb=\box31
\@slashboxc=\box32
\@slashboxwd=\count126
\@slashboxht=\count127
\@slashsepl=\dimen118
\@slashsepr=\dimen119
) (hw1.aux)
LaTeX Font Info:    Checking defaults for OML/cmm/m/it on input line 5.
LaTeX Font Info:    ... okay on input line 5.
LaTeX Font Info:    Checking defaults for T1/cmr/m/n on input line 5.
LaTeX Font Info:    ... okay on input line 5.
LaTeX Font Info:    Checking defaults for OT1/cmr/m/n on input line 5.
LaTeX Font Info:    ... okay on input line 5.
LaTeX Font Info:    Checking defaults for OMS/cmsy/m/n on input line 5.
LaTeX Font Info:    ... okay on input line 5.
LaTeX Font Info:    Checking defaults for OMX/cmex/m/n on input line 5.
LaTeX Font Info:    ... okay on input line 5.
LaTeX Font Info:    Checking defaults for U/cmr/m/n on input line 5.
LaTeX Font Info:    ... okay on input line 5.
LaTeX Font Info:    Checking defaults for PD1/pdf/m/n on input line 5.
LaTeX Font Info:    ... okay on input line 5.

("D:\General Utilities\MikTex\Install Site\tex\context\base\supp-pdf.mkii"
[Loading MPS to PDF converter (version 2006.09.02).]
\scratchcounter=\count128
\scratchdimen=\dimen120
\scratchbox=\box33
\nofMPsegments=\count129
\nofMParguments=\count130
\everyMPshowfont=\toks29
\MPscratchCnt=\count131
\MPscratchDim=\dimen121
\MPnumerator=\count132
\makeMPintoPDFobject=\count133
\everyMPtoPDFconversion=\toks30
)
\AtBeginShipoutBox=\box34
Package hyperref Info: Link coloring OFF on input line 5.
 ("D:\General Utilities\MikTex\Install Site\tex\latex\hyperref\nameref.sty"
Package: nameref 2012/10/27 v2.43 Cross-referencing by name of section

("D:\General Utilities\MikTex\Install Site\tex\generic\oberdiek\gettitlestring.
sty"
Package: gettitlestring 2010/12/03 v1.4 Cleanup title references (HO)
)
\c@section@level=\count134
)
LaTeX Info: Redefining \ref on input line 5.
LaTeX Info: Redefining \pageref on input line 5.
LaTeX Info: Redefining \nameref on input line 5.
 (hw1.out) (hw1.out)
\@outlinefile=\write3

Overfull \hbox (5.4972pt too wide) in paragraph at lines 27--27
 []\OT1/cmtt/m/n/10 xlabel('z');ylabel('f(z)'); % we always label axes, yes we 
do![] 
 []

LaTeX Font Info:    Try loading font information for OMS+cmtt on input line 29.

LaTeX Font Info:    No file OMScmtt.fd. on input line 29.

LaTeX Font Warning: Font shape `OMS/cmtt/m/n' undefined
(Font)              using `OMS/cmsy/m/n' instead
(Font)              for symbol `textbackslash' on input line 29.

<sigmoid.pdf, id=3, 614.295pt x 794.97pt>
File: sigmoid.pdf Graphic file (type pdf)
 <use sigmoid.pdf>
Package pdftex.def Info: sigmoid.pdf used on input line 41.
(pdftex.def)             Requested size: 307.14674pt x 397.48402pt.
 [1



{C:/Users/calvinde/AppData/Local/MiKTeX/2.9/pdftex/config/pdftex.map}] [2 <./si
gmoid.pdf>]
Overfull \hbox (1.49698pt too wide) in paragraph at lines 65--65
[]\OT1/cmtt/m/n/10 % This function computes first derivative of sigmoid functio
n at z[] 
 []

<dsigmoid.pdf, id=32, 614.295pt x 794.97pt>
File: dsigmoid.pdf Graphic file (type pdf)
 <use dsigmoid.pdf>
Package pdftex.def Info: dsigmoid.pdf used on input line 87.
(pdftex.def)             Requested size: 307.14674pt x 397.48402pt.

Overfull \hbox (12.23994pt too wide) in paragraph at lines 83--90
[]\OT1/cmr/m/n/10 Find the re-sult-ing plot in file \OT1/cmtt/m/n/10 dsigmoid.p
df\OT1/cmr/m/n/10 . In hw1.tex re-place \OT1/cmtt/m/n/10 emptiness.pdf
 []

[3] [4 <./dsigmoid.pdf>] <hist.pdf, id=48, 614.295pt x 794.97pt>
File: hist.pdf Graphic file (type pdf)

<use hist.pdf>
Package pdftex.def Info: hist.pdf used on input line 126.
(pdftex.def)             Requested size: 307.14674pt x 397.48402pt.
 [5] [6 <./hist.pdf>]
Overfull \hbox (9.99287pt too wide) in paragraph at lines 188--189
 []\OT1/cmr/bx/n/10 Problem 10(0.5pt)[] \OT1/cmr/m/n/10 Let the dataset be spec
-i-fied by $\OMS/cmtt/m/n/10 D \OT1/cmr/m/n/10 = []$.
 []

[7] [8]
Overfull \hbox (0.11168pt too wide) in paragraph at lines 268--269
[]\OT1/cmr/m/n/10 Change func-tions \OT1/cmtt/m/n/10 A\OT1/cmr/m/n/10 verageLog
LikLogReg and \OT1/cmtt/m/n/10 d\OT1/cmr/m/n/10 AverageLogLikLogReg so that
 []


Overfull \hbox (17.24684pt too wide) in paragraph at lines 292--292
[]\OT1/cmtt/m/n/10 function [dbeta0,dbeta] = dAverageLogLikLogReg(y,X,beta0,bet
a,lambda)[] 
 []


Overfull \hbox (48.74657pt too wide) in paragraph at lines 292--292
[]\OT1/cmtt/m/n/10 dbeta0 = (ALLLR(y,X,beta0+h,beta,lambda) - ALLLR(y,X,beta0,b
eta,lambda))/h;[] 
 []

[9]
Overfull \hbox (5.24846pt too wide) in paragraph at lines 315--318
\OT1/cmr/m/n/10 ables stored in this en-vi-ron-ment: \OT1/cmtt/m/n/10 trainX,tr
ainy,validX,validy,testX,testy\OT1/cmr/m/n/10 .
 []


Overfull \hbox (253.49478pt too wide) in paragraph at lines 348--348
[]        \OT1/cmtt/m/n/10 [beta0s(i*length(lambas)+j),betas(i*length(lambas)+j
)] = fitLogReg(trainy,trainX,lambdas(j),stepsizes(i));[] 
 []

[10]
Overfull \hbox (90.7462pt too wide) in paragraph at lines 368--368
[]            \OT1/cmtt/m/n/10 val = val + abs(validy(k)-predY(validX(k,:),beta
0s(ind),betas(ind,:)));[] 
 []

[11]
Package atveryend Info: Empty hook `BeforeClearDocument' on input line 412.
 [12]
Package atveryend Info: Empty hook `AfterLastShipout' on input line 412.
 (hw1.aux)
Package atveryend Info: Executing hook `AtVeryEndDocument' on input line 412.
Package atveryend Info: Executing hook `AtEndAfterFileList' on input line 412.
Package rerunfilecheck Info: File `hw1.out' has not changed.
(rerunfilecheck)             Checksum: D41D8CD98F00B204E9800998ECF8427E;0.


LaTeX Font Warning: Some font shapes were not available, defaults substituted.

Package atveryend Info: Empty hook `AtVeryVeryEnd' on input line 412.
 ) 
Here is how much of TeX's memory you used:
 6405 strings out of 493673
 90135 string characters out of 3138686
 184939 words of memory out of 3000000
 9648 multiletter control sequences out of 15000+200000
 10185 words of font info for 38 fonts, out of 3000000 for 9000
 1025 hyphenation exceptions out of 8191
 33i,12n,23p,493b,440s stack positions out of 5000i,500n,10000p,200000b,50000s
<D:/General Utilities/MikTex/Install Site/fonts/type1/public/amsfonts/cm/cmbx
10.pfb><D:/General Utilities/MikTex/Install Site/fonts/type1/public/amsfonts/cm
/cmbx12.pfb><D:/General Utilities/MikTex/Install Site/fonts/type1/public/amsfon
ts/cm/cmex10.pfb><D:/General Utilities/MikTex/Install Site/fonts/type1/public/a
msfonts/cm/cmmi10.pfb><D:/General Utilities/MikTex/Install Site/fonts/type1/pub
lic/amsfonts/cm/cmmi5.pfb><D:/General Utilities/MikTex/Install Site/fonts/type1
/public/amsfonts/cm/cmmi7.pfb><D:/General Utilities/MikTex/Install Site/fonts/t
ype1/public/amsfonts/cm/cmr10.pfb><D:/General Utilities/MikTex/Install Site/fon
ts/type1/public/amsfonts/cm/cmr12.pfb><D:/General Utilities/MikTex/Install Site
/fonts/type1/public/amsfonts/cm/cmr17.pfb><D:/General Utilities/MikTex/Install 
Site/fonts/type1/public/amsfonts/cm/cmr5.pfb><D:/General Utilities/MikTex/Insta
ll Site/fonts/type1/public/amsfonts/cm/cmr7.pfb><D:/General Utilities/MikTex/In
stall Site/fonts/type1/public/amsfonts/cm/cmsy10.pfb><D:/General Utilities/MikT
ex/Install Site/fonts/type1/public/amsfonts/cm/cmsy5.pfb><D:/General Utilities/
MikTex/Install Site/fonts/type1/public/amsfonts/cm/cmsy7.pfb><D:/General Utilit
ies/MikTex/Install Site/fonts/type1/public/amsfonts/cm/cmti10.pfb><D:/General U
tilities/MikTex/Install Site/fonts/type1/public/amsfonts/cm/cmtt10.pfb><D:/Gene
ral Utilities/MikTex/Install Site/fonts/type1/public/amsfonts/latxfont/line10.p
fb>
Output written on hw1.pdf (12 pages, 268971 bytes).
PDF statistics:
 413 PDF objects out of 1000 (max. 8388607)
 45 named destinations out of 1000 (max. 500000)
 16 words of extra memory for PDF output out of 10000 (max. 10000000)

